<?xml version="1.0" encoding="UTF-8"?>
<!-- Generated by org.testng.reporters.JUnitReportReporter -->
<testsuite hostname="LAPTOP-V74AT5MF" failures="0" tests="1" name="driverFactory.TestScript" time="50.867" errors="0" timestamp="2024-10-18T11:25:54 IST" skipped="0">
  <testcase classname="driverFactory.TestScript" name="startTest" time="50.867">
    <system-out>
      <![CDATA[No.of rows are: 4
Add Customer Success
Add Customer Success
Add Customer Success
Add Customer Success]]>
    </system-out>
  </testcase> <!-- startTest -->
  <system-out>
    <![CDATA[No.of rows are: 4
Add Customer Success
Add Customer Success
Add Customer Success
Add Customer Success]]>
  </system-out>
</testsuite> <!-- driverFactory.TestScript -->
